f:\study\myproject\ace\ace\debug\ace.pch
f:\study\myproject\ace\ace\debug\vc140.pdb
f:\study\myproject\ace\ace\debug\vc140.idb
f:\study\myproject\ace\ace\debug\stdafx.obj
f:\study\myproject\ace\ace\debug\ace.obj
c:\users\82630\documents\github\ace\ace\debug\ace.pch
c:\users\82630\documents\github\ace\ace\debug\vc140.pdb
c:\users\82630\documents\github\ace\ace\debug\vc140.idb
c:\users\82630\documents\github\ace\ace\debug\stdafx.obj
c:\users\82630\documents\github\ace\ace\debug\ace.obj
f:\study\myproject\ace\debug\ace.ilk
f:\study\myproject\ace\debug\ace.exe
f:\study\myproject\ace\debug\ace.pdb
c:\users\82630\documents\github\ace\debug\ace.ilk
c:\users\82630\documents\github\ace\debug\ace.exe
c:\users\82630\documents\github\ace\debug\ace.pdb
c:\users\82630\documents\github\ace\ace\debug\ace.tlog\cl.command.1.tlog
c:\users\82630\documents\github\ace\ace\debug\ace.tlog\cl.read.1.tlog
c:\users\82630\documents\github\ace\ace\debug\ace.tlog\cl.write.1.tlog
c:\users\82630\documents\github\ace\ace\debug\ace.tlog\link.command.1.tlog
c:\users\82630\documents\github\ace\ace\debug\ace.tlog\link.read.1.tlog
c:\users\82630\documents\github\ace\ace\debug\ace.tlog\link.write.1.tlog
